/*C2*/SET SCHEMA PUBLIC
INSERT INTO TRANSLATOR VALUES(175,'127.0.0.1',20000,'059a37dc-2326-4f5f-9ee8-7e26f3ea156d','user')
COMMIT
INSERT INTO CONNECTION VALUES(98,'admin',175)
COMMIT
INSERT INTO CONNECTION VALUES(99,'clop',175)
COMMIT
INSERT INTO CONNECTION VALUES(100,'user',175)
COMMIT
INSERT INTO TRANSLATOR VALUES(176,'127.0.0.1',20000,'a3fbd81f-c2a5-4258-b53a-de89eabcd43f','user')
COMMIT
INSERT INTO CONNECTION VALUES(101,'admin',176)
COMMIT
INSERT INTO CONNECTION VALUES(102,'clop',176)
COMMIT
INSERT INTO CONNECTION VALUES(103,'user',176)
COMMIT
INSERT INTO TRANSLATOR VALUES(177,'127.0.0.1',20000,'1f125bbd-aa12-459a-ad72-86917144935c','user')
COMMIT
INSERT INTO CONNECTION VALUES(104,'admin',177)
COMMIT
INSERT INTO CONNECTION VALUES(105,'clop',177)
COMMIT
INSERT INTO CONNECTION VALUES(106,'user',177)
COMMIT
